   1               		.file	"hal_st.c"
   2               	__SP_H__ = 0x3e
   3               	__SP_L__ = 0x3d
   4               	__SREG__ = 0x3f
   5               	__tmp_reg__ = 0
   6               	__zero_reg__ = 1
   7               		.text
   8               	.Ltext0:
   9               		.cfi_sections	.debug_frame
  10               		.section	.text.stInit,"ax",@progbits
  11               	.global	stInit
  13               	stInit:
  14               	.LFB238:
  15               		.file 1 "../../os/hal/src/hal_st.c"
   1:../../os/hal/src/hal_st.c **** /*
   2:../../os/hal/src/hal_st.c ****     ChibiOS - Copyright (C) 2006..2018 Giovanni Di Sirio
   3:../../os/hal/src/hal_st.c **** 
   4:../../os/hal/src/hal_st.c ****     Licensed under the Apache License, Version 2.0 (the "License");
   5:../../os/hal/src/hal_st.c ****     you may not use this file except in compliance with the License.
   6:../../os/hal/src/hal_st.c ****     You may obtain a copy of the License at
   7:../../os/hal/src/hal_st.c **** 
   8:../../os/hal/src/hal_st.c ****         http://www.apache.org/licenses/LICENSE-2.0
   9:../../os/hal/src/hal_st.c **** 
  10:../../os/hal/src/hal_st.c ****     Unless required by applicable law or agreed to in writing, software
  11:../../os/hal/src/hal_st.c ****     distributed under the License is distributed on an "AS IS" BASIS,
  12:../../os/hal/src/hal_st.c ****     WITHOUT WARRANTIES OR CONDITIONS OF ANY KIND, either express or implied.
  13:../../os/hal/src/hal_st.c ****     See the License for the specific language governing permissions and
  14:../../os/hal/src/hal_st.c ****     limitations under the License.
  15:../../os/hal/src/hal_st.c **** */
  16:../../os/hal/src/hal_st.c **** 
  17:../../os/hal/src/hal_st.c **** /**
  18:../../os/hal/src/hal_st.c ****  * @file    hal_st.c
  19:../../os/hal/src/hal_st.c ****  * @brief   ST Driver code.
  20:../../os/hal/src/hal_st.c ****  *
  21:../../os/hal/src/hal_st.c ****  * @addtogroup ST
  22:../../os/hal/src/hal_st.c ****  * @{
  23:../../os/hal/src/hal_st.c ****  */
  24:../../os/hal/src/hal_st.c **** 
  25:../../os/hal/src/hal_st.c **** #include "hal.h"
  26:../../os/hal/src/hal_st.c **** 
  27:../../os/hal/src/hal_st.c **** #if (OSAL_ST_MODE != OSAL_ST_MODE_NONE) || defined(__DOXYGEN__)
  28:../../os/hal/src/hal_st.c **** 
  29:../../os/hal/src/hal_st.c **** /*===========================================================================*/
  30:../../os/hal/src/hal_st.c **** /* Driver local definitions.                                                 */
  31:../../os/hal/src/hal_st.c **** /*===========================================================================*/
  32:../../os/hal/src/hal_st.c **** 
  33:../../os/hal/src/hal_st.c **** /*===========================================================================*/
  34:../../os/hal/src/hal_st.c **** /* Driver exported variables.                                                */
  35:../../os/hal/src/hal_st.c **** /*===========================================================================*/
  36:../../os/hal/src/hal_st.c **** 
  37:../../os/hal/src/hal_st.c **** /*===========================================================================*/
  38:../../os/hal/src/hal_st.c **** /* Driver local types.                                                       */
  39:../../os/hal/src/hal_st.c **** /*===========================================================================*/
  40:../../os/hal/src/hal_st.c **** 
  41:../../os/hal/src/hal_st.c **** /*===========================================================================*/
  42:../../os/hal/src/hal_st.c **** /* Driver local variables.                                                   */
  43:../../os/hal/src/hal_st.c **** /*===========================================================================*/
  44:../../os/hal/src/hal_st.c **** 
  45:../../os/hal/src/hal_st.c **** /**
  46:../../os/hal/src/hal_st.c ****  * @brief   Callback pointers for each alarm.
  47:../../os/hal/src/hal_st.c ****  * @note    If some alarms have static callbacks defined in the LLD then
  48:../../os/hal/src/hal_st.c ****  *          some of the pointers might be unused (never called through).
  49:../../os/hal/src/hal_st.c ****  */
  50:../../os/hal/src/hal_st.c **** #if (ST_LLD_NUM_ALARMS > 1) || defined(__DOXYGEN__)
  51:../../os/hal/src/hal_st.c **** st_callback_t st_callbacks[ST_LLD_NUM_ALARMS];
  52:../../os/hal/src/hal_st.c **** #endif
  53:../../os/hal/src/hal_st.c **** 
  54:../../os/hal/src/hal_st.c **** /*===========================================================================*/
  55:../../os/hal/src/hal_st.c **** /* Driver local functions.                                                   */
  56:../../os/hal/src/hal_st.c **** /*===========================================================================*/
  57:../../os/hal/src/hal_st.c **** 
  58:../../os/hal/src/hal_st.c **** /*===========================================================================*/
  59:../../os/hal/src/hal_st.c **** /* Driver exported functions.                                                */
  60:../../os/hal/src/hal_st.c **** /*===========================================================================*/
  61:../../os/hal/src/hal_st.c **** 
  62:../../os/hal/src/hal_st.c **** /**
  63:../../os/hal/src/hal_st.c ****  * @brief   ST Driver initialization.
  64:../../os/hal/src/hal_st.c ****  * @note    This function is implicitly invoked by @p halInit(), there is
  65:../../os/hal/src/hal_st.c ****  *          no need to explicitly initialize the driver.
  66:../../os/hal/src/hal_st.c ****  *
  67:../../os/hal/src/hal_st.c ****  * @init
  68:../../os/hal/src/hal_st.c ****  */
  69:../../os/hal/src/hal_st.c **** void stInit(void) {
  16               		.loc 1 69 0
  17               		.cfi_startproc
  18               	/* prologue: function */
  19               	/* frame size = 0 */
  20               	/* stack size = 0 */
  21               	.L__stack_usage = 0
  70:../../os/hal/src/hal_st.c **** #if ST_LLD_NUM_ALARMS > 1
  71:../../os/hal/src/hal_st.c ****   unsigned i;
  72:../../os/hal/src/hal_st.c **** 
  73:../../os/hal/src/hal_st.c ****   for (i = 0U; i < (unsigned)ST_LLD_NUM_ALARMS; i++) {
  74:../../os/hal/src/hal_st.c ****     st_callbacks[i] = NULL;
  75:../../os/hal/src/hal_st.c ****   }
  76:../../os/hal/src/hal_st.c **** #endif
  77:../../os/hal/src/hal_st.c ****   st_lld_init();
  22               		.loc 1 77 0
  23 0000 0C94 0000 		jmp st_lld_init
  24               	.LVL0:
  25               		.cfi_endproc
  26               	.LFE238:
  28               		.text
  29               	.Letext0:
  30               		.file 2 "/usr/lib/gcc/avr/7.3.0/include/stddef.h"
  31               		.file 3 "/usr/lib/avr/include/stdint.h"
  32               		.file 4 "../../os/common/ports/AVR/compilers/GCC/chtypes.h"
  33               		.file 5 "../../os/rt/include/chearly.h"
  34               		.file 6 "../../os/rt/include/chobjects.h"
  35               		.file 7 "../../os/rt/include/chrfcu.h"
  36               		.file 8 "../../os/rt/include/chdebug.h"
  37               		.file 9 "../../os/rt/include/chtime.h"
  38               		.file 10 "../../os/rt/include/chlists.h"
  39               		.file 11 "../../os/common/ports/AVR/chcore.h"
  40               		.file 12 "../../os/rt/include/chsem.h"
  41               		.file 13 "../../os/rt/include/chmtx.h"
  42               		.file 14 "../../os/rt/include/chsys.h"
  43               		.file 15 "../../os/rt/include/chregistry.h"
  44               		.file 16 "../../os/rt/include/chevents.h"
  45               		.file 17 "../../os/oslib/include/chmemcore.h"
  46               		.file 18 "../../os/hal/include/hal_queues.h"
  47               		.file 19 "../../os/hal/ports/AVR/MEGA/LLD/GPIOv1/hal_pal_lld.h"
  48               		.file 20 "../../os/hal/include/hal_gpt.h"
  49               		.file 21 "../../os/hal/ports/AVR/MEGA/LLD/TIMv1/hal_gpt_lld.h"
  50               		.file 22 "../../os/hal/include/hal_i2c.h"
  51               		.file 23 "../../os/hal/ports/AVR/MEGA/LLD/I2Cv1/hal_i2c_lld.h"
  52               		.file 24 "../../os/hal/include/hal_serial.h"
  53               		.file 25 "../../os/hal/ports/AVR/MEGA/LLD/USARTv1/hal_serial_lld.h"
  54               		.file 26 "../../os/hal/ports/AVR/MEGA/LLD/SYSTICKv1/hal_st_lld.h"
DEFINED SYMBOLS
                            *ABS*:0000000000000000 hal_st.c
     /tmp/ccXG1wKz.s:2      *ABS*:000000000000003e __SP_H__
     /tmp/ccXG1wKz.s:3      *ABS*:000000000000003d __SP_L__
     /tmp/ccXG1wKz.s:4      *ABS*:000000000000003f __SREG__
     /tmp/ccXG1wKz.s:5      *ABS*:0000000000000000 __tmp_reg__
     /tmp/ccXG1wKz.s:6      *ABS*:0000000000000001 __zero_reg__
     /tmp/ccXG1wKz.s:13     .text.stInit:0000000000000000 stInit

UNDEFINED SYMBOLS
st_lld_init
